------------------------------------------------------------------------------------------------------------------------

[2020-11-07 19:29:32 #1 store] 
Database '/Users/amaiaaristegui/eclipse-workspace/is2/BetProyecto2/src/main/resources/bets.temp' has been recovered (tr. 65-76)

[2020-11-07 19:29:32 #2 store] 
Database '/Users/amaiaaristegui/eclipse-workspace/is2/BetProyecto2/src/main/resources/bets.temp' is opened by 1256@MBP-de-Amaia

[2020-11-07 19:29:32 #3 type] 
Type domain.Event is not enhanced.

[2020-11-07 19:29:32 #4 type] 
Type domain.Question is not enhanced.

------------------------------------------------------------------------------------------------------------------------

[2020-11-07 19:29:42 #1 store] 
Database '/Users/amaiaaristegui/eclipse-workspace/is2/BetProyecto2/src/main/resources/bets.temp' has been recovered (tr. 77-88)

[2020-11-07 19:29:42 #2 store] 
Database '/Users/amaiaaristegui/eclipse-workspace/is2/BetProyecto2/src/main/resources/bets.temp' is opened by 1261@MBP-de-Amaia

[2020-11-07 19:29:43 #3 type] 
Type domain.Event is not enhanced.

[2020-11-07 19:29:43 #4 type] 
Type domain.Question is not enhanced.

------------------------------------------------------------------------------------------------------------------------

[2020-11-07 19:30:29 #1 store] 
Database '/Users/amaiaaristegui/eclipse-workspace/is2/BetProyecto2/src/main/resources/bets.temp' has been recovered (tr. 89-100)

[2020-11-07 19:30:29 #2 store] 
Database '/Users/amaiaaristegui/eclipse-workspace/is2/BetProyecto2/src/main/resources/bets.temp' is opened by 1303@MBP-de-Amaia

[2020-11-07 19:30:29 #3 type] 
Type domain.Event is not enhanced.

[2020-11-07 19:30:29 #4 type] 
Type domain.Question is not enhanced.

------------------------------------------------------------------------------------------------------------------------

[2020-11-07 19:31:55 #1 store] 
Database '/Users/amaiaaristegui/eclipse-workspace/is2/BetProyecto2/src/main/resources/bets.temp' has been recovered (tr. 101-112)

[2020-11-07 19:31:55 #2 store] 
Database '/Users/amaiaaristegui/eclipse-workspace/is2/BetProyecto2/src/main/resources/bets.temp' is opened by 1312@MBP-de-Amaia

[2020-11-07 19:31:55 #3 type] 
Type domain.Event is not enhanced.

[2020-11-07 19:31:55 #4 type] 
Type domain.Question is not enhanced.

------------------------------------------------------------------------------------------------------------------------

[2020-11-07 19:32:10 #1 store] 
Database '/Users/amaiaaristegui/eclipse-workspace/is2/BetProyecto2/src/main/resources/bets.temp' is opened by 1318@MBP-de-Amaia

[2020-11-07 19:32:10 #2 type] 
Type domain.Event is not enhanced.

[2020-11-07 19:32:10 #3 type] 
Type domain.Question is not enhanced.

------------------------------------------------------------------------------------------------------------------------

[2020-11-07 19:57:07 #1 store] 
Database '/Users/amaiaaristegui/eclipse-workspace/is2/BetProyecto2/src/main/resources/bets.temp' has been recovered (tr. 113-124)

[2020-11-07 19:57:07 #2 store] 
Database '/Users/amaiaaristegui/eclipse-workspace/is2/BetProyecto2/src/main/resources/bets.temp' is opened by 1634@MBP-de-Amaia

[2020-11-07 19:57:08 #3 type] 
Type domain.Event is not enhanced.

[2020-11-07 19:57:08 #4 type] 
Type domain.Question is not enhanced.

